Using pre-set license
Desktop is 3840 x 1080 @ 60 Hz

 COMMAND LINE ARGUMENTS:
Unity
-adb2
-batchMode
-noUpm
-name
AssetImportWorker0
-projectPath
/home/sonia/catkin_ws/src/sonia-simulation
-logFile
Logs/AssetImportWorker0.log
-srvPort
36313
Successfully changed project path to: /home/sonia/catkin_ws/src/sonia-simulation
/home/sonia/catkin_ws/src/sonia-simulation
Using Asset Import Pipeline V2.
Refreshing native plugins compatible for Editor in 38.67 ms, found 0 plugins.
Preloading 0 native plugins for Editor in 0.00 ms.
Initialize engine version: 2020.2.2f1 (068178b99f32)
[Subsystems] Discovering subsystems at path /home/sonia/Unity/Hub/Editor/2020.2.2f1/Editor/Data/Resources/UnitySubsystems
[Subsystems] Discovering subsystems at path /home/sonia/catkin_ws/src/sonia-simulation/Assets
GLX Extensions: GLX_EXT_visual_info GLX_EXT_visual_rating GLX_EXT_import_context GLX_SGIX_fbconfig GLX_SGIX_pbuffer GLX_SGI_video_sync GLX_SGI_swap_control GLX_EXT_swap_control GLX_EXT_swap_control_tear GLX_EXT_texture_from_pixmap GLX_EXT_buffer_age GLX_ARB_create_context GLX_ARB_create_context_profile GLX_EXT_create_context_es_profile GLX_EXT_create_context_es2_profile GLX_ARB_create_context_no_error GLX_ARB_create_context_robustness GLX_NV_delay_before_swap GLX_EXT_stereo_tree GLX_ARB_context_flush_control GLX_NV_robustness_video_memory_purge GLX_NV_multigpu_context GLX_ARB_multisample GLX_NV_float_buffer GLX_ARB_fbconfig_float GLX_EXT_framebuffer_sRGB GLX_NV_copy_image GLX_ARB_get_proc_address 
Renderer: GeForce GTX 1060/PCIe/SSE2
Vendor:   NVIDIA Corporation
Version:  4.5.0 NVIDIA 460.32.03
GLES:     0
 GL_AMD_multi_draw_indirect GL_AMD_seamless_cubemap_per_texture GL_AMD_vertex_shader_viewport_index GL_AMD_vertex_shader_layer GL_ARB_arrays_of_arrays GL_ARB_base_instance GL_ARB_bindless_texture GL_ARB_blend_func_extended GL_ARB_buffer_storage GL_ARB_clear_buffer_object GL_ARB_clear_texture GL_ARB_clip_control GL_ARB_color_buffer_float GL_ARB_compressed_texture_pixel_storage GL_ARB_conservative_depth GL_ARB_compute_shader GL_ARB_compute_variable_group_size GL_ARB_conditional_render_inverted GL_ARB_copy_buffer GL_ARB_copy_image GL_ARB_cull_distance GL_ARB_debug_output GL_ARB_depth_buffer_float GL_ARB_depth_clamp GL_ARB_depth_texture GL_ARB_derivative_control GL_ARB_direct_state_access GL_ARB_draw_buffers GL_ARB_draw_buffers_blend GL_ARB_draw_indirect GL_ARB_draw_elements_base_vertex GL_ARB_draw_instanced GL_ARB_enhanced_layouts GL_ARB_ES2_compatibility GL_ARB_ES3_compatibility GL_ARB_ES3_1_compatibility GL_ARB_ES3_2_compatibility GL_ARB_explicit_attrib_location GL_ARB_explicit_uniform_location GL_ARB_fragmen
t_coord_conventions GL_ARB_fragment_layer_viewport GL_ARB_fragment_program GL_ARB_fragment_program_shadow GL_ARB_fragment_shader GL_ARB_fragment_shader_interlock GL_ARB_framebuffer_no_attachments GL_ARB_framebuffer_object GL_ARB_framebuffer_sRGB GL_ARB_geometry_shader4 GL_ARB_get_program_binary GL_ARB_get_texture_sub_image GL_ARB_gl_spirv GL_ARB_gpu_shader5 GL_ARB_gpu_shader_fp64 GL_ARB_gpu_shader_int64 GL_ARB_half_float_pixel GL_ARB_half_float_vertex GL_ARB_imaging GL_ARB_indirect_parameters GL_ARB_instanced_arrays GL_ARB_internalformat_query GL_ARB_internalformat_query2 GL_ARB_invalidate_subdata GL_ARB_map_buffer_alignment GL_ARB_map_buffer_range GL_ARB_multi_bind GL_ARB_multi_draw_indirect GL_ARB_multisample GL_ARB_multitexture GL_ARB_occlusion_query GL_ARB_occlusion_query2 GL_ARB_parallel_shader_compile GL_ARB_pipeline_statistics_query GL_ARB_pixel_buffer_object GL_ARB_point_parameters GL_ARB_point_sprite GL_ARB_polygon_offset_clamp GL_ARB_post_depth_coverage GL_ARB_program_interface_query GL_ARB_provoki
ng_vertex GL_ARB_query_buffer_object GL_ARB_robust_buffer_access_behavior GL_ARB_robustness GL_ARB_sample_locations GL_ARB_sample_shading GL_ARB_sampler_objects GL_ARB_seamless_cube_map GL_ARB_seamless_cubemap_per_texture GL_ARB_separate_shader_objects GL_ARB_shader_atomic_counter_ops GL_ARB_shader_atomic_counters GL_ARB_shader_ballot GL_ARB_shader_bit_encoding GL_ARB_shader_clock GL_ARB_shader_draw_parameters GL_ARB_shader_group_vote GL_ARB_shader_image_load_store GL_ARB_shader_image_size GL_ARB_shader_objects GL_ARB_shader_precision GL_ARB_shader_storage_buffer_object GL_ARB_shader_subroutine GL_ARB_shader_texture_image_samples GL_ARB_shader_texture_lod GL_ARB_shading_language_100 GL_ARB_shader_viewport_layer_array GL_ARB_shading_language_420pack GL_ARB_shading_language_include GL_ARB_shading_language_packing GL_ARB_shadow GL_ARB_sparse_buffer GL_ARB_sparse_texture GL_ARB_sparse_texture2 GL_ARB_sparse_texture_clamp GL_ARB_spirv_extensions GL_ARB_stencil_texturing GL_ARB_sync GL_ARB_tessellation_shader GL_A
RB_texture_barrier GL_ARB_texture_border_clamp GL_ARB_texture_buffer_object GL_ARB_texture_buffer_object_rgb32 GL_ARB_texture_buffer_range GL_ARB_texture_compression GL_ARB_texture_compression_bptc GL_ARB_texture_compression_rgtc GL_ARB_texture_cube_map GL_ARB_texture_cube_map_array GL_ARB_texture_env_add GL_ARB_texture_env_combine GL_ARB_texture_env_crossbar GL_ARB_texture_env_dot3 GL_ARB_texture_filter_anisotropic GL_ARB_texture_filter_minmax GL_ARB_texture_float GL_ARB_texture_gather GL_ARB_texture_mirror_clamp_to_edge GL_ARB_texture_mirrored_repeat GL_ARB_texture_multisample GL_ARB_texture_non_power_of_two GL_ARB_texture_query_levels GL_ARB_texture_query_lod GL_ARB_texture_rectangle GL_ARB_texture_rg GL_ARB_texture_rgb10_a2ui GL_ARB_texture_stencil8 GL_ARB_texture_storage GL_ARB_texture_storage_multisample GL_ARB_texture_swizzle GL_ARB_texture_view GL_ARB_timer_query GL_ARB_transform_feedback2 GL_ARB_transform_feedback3 GL_ARB_transform_feedback_instanced GL_ARB_transform_feedback_overflow_query GL_ARB_t
ranspose_matrix GL_ARB_uniform_buffer_object GL_ARB_vertex_array_bgra GL_ARB_vertex_array_object GL_ARB_vertex_attrib_64bit GL_ARB_vertex_attrib_binding GL_ARB_vertex_buffer_object GL_ARB_vertex_program GL_ARB_vertex_shader GL_ARB_vertex_type_10f_11f_11f_rev GL_ARB_vertex_type_2_10_10_10_rev GL_ARB_viewport_array GL_ARB_window_pos GL_ATI_draw_buffers GL_ATI_texture_float GL_ATI_texture_mirror_once GL_S3_s3tc GL_EXT_texture_env_add GL_EXT_abgr GL_EXT_bgra GL_EXT_bindable_uniform GL_EXT_blend_color GL_EXT_blend_equation_separate GL_EXT_blend_func_separate GL_EXT_blend_minmax GL_EXT_blend_subtract GL_EXT_compiled_vertex_array GL_EXT_Cg_shader GL_EXT_depth_bounds_test GL_EXT_direct_state_access GL_EXT_draw_buffers2 GL_EXT_draw_instanced GL_EXT_draw_range_elements GL_EXT_fog_coord GL_EXT_framebuffer_blit GL_EXT_framebuffer_multisample GL_EXTX_framebuffer_mixed_formats GL_EXT_framebuffer_multisample_blit_scaled GL_EXT_framebuffer_object GL_EXT_framebuffer_sRGB GL_EXT_geometry_shader4 GL_EXT_gpu_program_parameters 
GL_EXT_gpu_shader4 GL_EXT_multi_draw_arrays GL_EXT_multiview_texture_multisample GL_EXT_multiview_timer_query GL_EXT_packed_depth_stencil GL_EXT_packed_float GL_EXT_packed_pixels GL_EXT_pixel_buffer_object GL_EXT_point_parameters GL_EXT_polygon_offset_clamp GL_EXT_post_depth_coverage GL_EXT_provoking_vertex GL_EXT_raster_multisample GL_EXT_rescale_normal GL_EXT_secondary_color GL_EXT_separate_shader_objects GL_EXT_separate_specular_color GL_EXT_shader_image_load_formatted GL_EXT_shader_image_load_store GL_EXT_shader_integer_mix GL_EXT_shadow_funcs GL_EXT_sparse_texture2 GL_EXT_stencil_two_side GL_EXT_stencil_wrap GL_EXT_texture3D GL_EXT_texture_array GL_EXT_texture_buffer_object GL_EXT_texture_compression_dxt1 GL_EXT_texture_compression_latc GL_EXT_texture_compression_rgtc GL_EXT_texture_compression_s3tc GL_EXT_texture_cube_map GL_EXT_texture_edge_clamp GL_EXT_texture_env_combine GL_EXT_texture_env_dot3 GL_EXT_texture_filter_anisotropic GL_EXT_texture_filter_minmax GL_EXT_texture_integer GL_EXT_texture_lod G
L_EXT_texture_lod_bias GL_EXT_texture_mirror_clamp GL_EXT_texture_object GL_EXT_texture_shadow_lod GL_EXT_texture_shared_exponent GL_EXT_texture_sRGB GL_EXT_texture_sRGB_R8 GL_EXT_texture_sRGB_decode GL_EXT_texture_storage GL_EXT_texture_swizzle GL_EXT_timer_query GL_EXT_transform_feedback2 GL_EXT_vertex_array GL_EXT_vertex_array_bgra GL_EXT_vertex_attrib_64bit GL_EXT_window_rectangles GL_EXT_x11_sync_object GL_EXT_import_sync_object GL_NV_robustness_video_memory_purge GL_IBM_rasterpos_clip GL_IBM_texture_mirrored_repeat GL_KHR_context_flush_control GL_KHR_debug GL_EXT_memory_object GL_EXT_memory_object_fd GL_NV_memory_object_sparse GL_KHR_parallel_shader_compile GL_KHR_no_error GL_KHR_robust_buffer_access_behavior GL_KHR_robustness GL_EXT_semaphore GL_EXT_semaphore_fd GL_NV_timeline_semaphore GL_KHR_shader_subgroup GL_KTX_buffer_region GL_NV_alpha_to_coverage_dither_control GL_NV_bindless_multi_draw_indirect GL_NV_bindless_multi_draw_indirect_count GL_NV_bindless_texture GL_NV_blend_equation_advanced GL_NV_
blend_equation_advanced_coherent GL_NVX_blend_equation_advanced_multi_draw_buffers GL_NV_blend_minmax_factor GL_NV_blend_square GL_NV_clip_space_w_scaling GL_NV_command_list GL_NV_compute_program5 GL_NV_conditional_render GL_NV_conservative_raster GL_NV_conservative_raster_dilate GL_NV_conservative_raster_pre_snap_triangles GL_NV_copy_depth_to_color GL_NV_copy_image GL_NV_depth_buffer_float GL_NV_depth_clamp GL_NV_draw_texture GL_NV_draw_vulkan_image GL_NV_ES1_1_compatibility GL_NV_ES3_1_compatibility GL_NV_explicit_multisample GL_NV_feature_query GL_NV_fence GL_NV_fill_rectangle GL_NV_float_buffer GL_NV_fog_distance GL_NV_fragment_coverage_to_color GL_NV_fragment_program GL_NV_fragment_program_option GL_NV_fragment_program2 GL_NV_fragment_shader_interlock GL_NV_framebuffer_mixed_samples GL_NV_framebuffer_multisample_coverage GL_NV_geometry_shader4 GL_NV_geometry_shader_passthrough GL_NV_gpu_program4 GL_NV_internalformat_sample_query GL_NV_gpu_program4_1 GL_NV_gpu_program5 GL_NV_gpu_program5_mem_extended GL_
NV_gpu_program_fp64 GL_NV_gpu_shader5 GL_NV_half_float GL_NV_light_max_exponent GL_NV_memory_attachment GL_NV_multisample_coverage GL_NV_multisample_filter_hint GL_NV_occlusion_query GL_NV_packed_depth_stencil GL_NV_parameter_buffer_object GL_NV_parameter_buffer_object2 GL_NV_path_rendering GL_NV_path_rendering_shared_edge GL_NV_pixel_data_range GL_NV_point_sprite GL_NV_primitive_restart GL_NV_query_resource GL_NV_query_resource_tag GL_NV_register_combiners GL_NV_register_combiners2 GL_NV_sample_locations GL_NV_sample_mask_override_coverage GL_NV_shader_atomic_counters GL_NV_shader_atomic_float GL_NV_shader_atomic_float64 GL_NV_shader_atomic_fp16_vector GL_NV_shader_atomic_int64 GL_NV_shader_buffer_load GL_NV_shader_storage_buffer_object GL_NV_shader_subgroup_partitioned GL_NV_stereo_view_rendering GL_NV_texgen_reflection GL_NV_texture_barrier GL_NV_texture_compression_vtc GL_NV_texture_env_combine4 GL_NV_texture_multisample GL_NV_texture_rectangle GL_NV_texture_rectangle_compressed GL_NV_texture_shader GL_N
V_texture_shader2 GL_NV_texture_shader3 GL_NV_transform_feedback GL_NV_transform_feedback2 GL_NV_uniform_buffer_unified_memory GL_NV_vdpau_interop GL_NV_vdpau_interop2 GL_NV_vertex_array_range GL_NV_vertex_array_range2 GL_NV_vertex_attrib_integer_64bit GL_NV_vertex_buffer_unified_memory GL_NV_vertex_program GL_NV_vertex_program1_1 GL_NV_vertex_program2 GL_NV_vertex_program2_option GL_NV_vertex_program3 GL_NV_viewport_array2 GL_NV_viewport_swizzle GL_NVX_conditional_render GL_NV_gpu_multicast GL_NVX_progress_fence GL_NVX_gpu_memory_info GL_NVX_nvenc_interop GL_NV_shader_thread_group GL_NV_shader_thread_shuffle GL_KHR_blend_equation_advanced GL_KHR_blend_equation_advanced_coherent GL_OVR_multiview GL_OVR_multiview2 GL_SGIS_generate_mipmap GL_SGIS_texture_lod GL_SGIX_depth_texture GL_SGIX_shadow GL_SUN_slice_accum
OPENGL LOG: Creating OpenGL 4.5 graphics device ; Context level  <OpenGL 4.5> ; Context handle 215149368
Initialize mono
Mono path[0] = '/home/sonia/Unity/Hub/Editor/2020.2.2f1/Editor/Data/Managed'
Mono path[1] = '/home/sonia/Unity/Hub/Editor/2020.2.2f1/Editor/Data/MonoBleedingEdge/lib/mono/unityjit'
Mono config path = '/home/sonia/Unity/Hub/Editor/2020.2.2f1/Editor/Data/MonoBleedingEdge/etc'
Using monoOptions --debugger-agent=transport=dt_socket,embedding=1,server=y,suspend=n,address=127.0.0.1:56781
Begin MonoManager ReloadAssembly
Registering precompiled unity dll's ...
Register platform support module: /home/sonia/Unity/Hub/Editor/2020.2.2f1/Editor/Data/PlaybackEngines/WebGLSupport/UnityEditor.WebGL.Extensions.dll
Trying to register platform support module: /home/sonia/Unity/Hub/Editor/2020.2.2f1/Editor/Data/PlaybackEngines/WindowsStandaloneSupport/UnityEditor.WindowsStandalone.Extensions.dll (that doesn't exist). Retrying without overrides.
Platform support module is not available: /home/sonia/Unity/Hub/Editor/2020.2.2f1/Editor/Data/PlaybackEngines/WindowsStandaloneSupport/UnityEditor.WindowsStandalone.Extensions.dll
Register platform support module: /home/sonia/Unity/Hub/Editor/2020.2.2f1/Editor/Data/PlaybackEngines/LinuxStandaloneSupport/UnityEditor.LinuxStandalone.Extensions.dll
Registered in 0.001661 seconds.
Native extension for LinuxStandalone target not found
Native extension for WebGL target not found
Refreshing native plugins compatible for Editor in 40.31 ms, found 0 plugins.
Preloading 0 native plugins for Editor in 0.00 ms.
Invoked RoslynAnalysisRunner static constructor.
RoslynAnalysisRunner will not be running.
RoslynAnalysisRunner has terminated.
Mono: successfully reloaded assembly
- Completed reload, in  1.023 seconds
Platform modules already initialized, skipping
Registering precompiled user dll's ...
Registered in 0.000997 seconds.
Begin MonoManager ReloadAssembly
Native extension for LinuxStandalone target not found
Native extension for WebGL target not found
Refreshing native plugins compatible for Editor in 40.55 ms, found 0 plugins.
Preloading 0 native plugins for Editor in 0.00 ms.
Invoked RoslynAnalysisRunner static constructor.
RoslynAnalysisRunner will not be running.
RoslynAnalysisRunner has terminated.
Mono: successfully reloaded assembly
- Completed reload, in  0.958 seconds
Platform modules already initialized, skipping
========================================================================
Worker process is ready to serve import requests
Launched and connected shader compiler UnityShaderCompiler after 0.01 seconds
Refreshing native plugins compatible for Editor in 0.36 ms, found 0 plugins.
Preloading 0 native plugins for Editor in 0.00 ms.
Unloading 2037 Unused Serialized files (Serialized files now loaded: 0)
System memory in use before: 90.3 MB.
System memory in use after: 90.4 MB.

Unloading 10 unused Assets to reduce memory usage. Loaded Objects now: 2499.
Total: 3.545084 ms (FindLiveObjects: 0.258794 ms CreateObjectMapping: 0.134782 ms MarkObjects: 3.001713 ms  DeleteObjects: 0.148262 ms)

========================================================================
Received Import Request.
  path: Assets/Prefabs/Draugr.PNG
  artifactKey: Guid(786c5bd38fa671882b2ddaea5be62094) Importer(815301076,1909f56bfc062723c751e8b465ee728b)
Start importing Assets/Prefabs/Draugr.PNG using Guid(786c5bd38fa671882b2ddaea5be62094) Importer(815301076,1909f56bfc062723c751e8b465ee728b)  -> (artifact id: '3852538449652596629a9c29060a41da') in 0.051039 seconds
  Import took 0.055161 seconds .

========================================================================
Received Import Request.
  Time since last request: 0.000261 seconds.
  path: Assets/Prefabs/gravel.jpg
  artifactKey: Guid(cdf77839e97961174ab4d4f8082b70ce) Importer(815301076,1909f56bfc062723c751e8b465ee728b)
Start importing Assets/Prefabs/gravel.jpg using Guid(cdf77839e97961174ab4d4f8082b70ce) Importer(815301076,1909f56bfc062723c751e8b465ee728b)  -> (artifact id: 'e72b2db648d735f15939f0bbefb6ae2c') in 0.004684 seconds
  Import took 0.007795 seconds .

========================================================================
Received Import Request.
  Time since last request: 0.000188 seconds.
  path: Assets/Prefabs/Aswang.PNG
  artifactKey: Guid(228be5797ad91c810bac2f4a0ca9d704) Importer(815301076,1909f56bfc062723c751e8b465ee728b)
Start importing Assets/Prefabs/Aswang.PNG using Guid(228be5797ad91c810bac2f4a0ca9d704) Importer(815301076,1909f56bfc062723c751e8b465ee728b)  -> (artifact id: 'a902f9716c9e8c8cef430b747b9562bd') in 0.008937 seconds
  Import took 0.012228 seconds .

========================================================================
Received Import Request.
  Time since last request: 0.000199 seconds.
  path: Assets/Prefabs/Jiangshi.PNG
  artifactKey: Guid(034bf3cdc0bf43b02939974bed45fee3) Importer(815301076,1909f56bfc062723c751e8b465ee728b)
Start importing Assets/Prefabs/Jiangshi.PNG using Guid(034bf3cdc0bf43b02939974bed45fee3) Importer(815301076,1909f56bfc062723c751e8b465ee728b)  -> (artifact id: '81499e3c1f7e11bd33863d08817efcfb') in 0.006146 seconds
  Import took 0.009688 seconds .

========================================================================
Received Import Request.
  Time since last request: 0.000186 seconds.
  path: Assets/Prefabs/VetalasPNG.PNG
  artifactKey: Guid(8c3ec50e4df4fd9b0a56a6e842f4ad52) Importer(815301076,1909f56bfc062723c751e8b465ee728b)
Start importing Assets/Prefabs/VetalasPNG.PNG using Guid(8c3ec50e4df4fd9b0a56a6e842f4ad52) Importer(815301076,1909f56bfc062723c751e8b465ee728b)  -> (artifact id: '3f1c6f1ecd48a10e5c90041af6fa360a') in 0.005471 seconds
  Import took 0.008805 seconds .

========================================================================
Received Import Request.
  Time since last request: 0.000186 seconds.
  path: Assets/Tree_Textures/diffuse.png
  artifactKey: Guid(bebd7f825960df4119b0e2b06c562e43) Importer(815301076,1909f56bfc062723c751e8b465ee728b)
Start importing Assets/Tree_Textures/diffuse.png using Guid(bebd7f825960df4119b0e2b06c562e43) Importer(815301076,1909f56bfc062723c751e8b465ee728b)  -> (artifact id: '886955514929b78b42591b3925fea6ab') in 0.004560 seconds
  Import took 0.008007 seconds .

========================================================================
Received Import Request.
  Time since last request: 0.000258 seconds.
  path: Assets/Prefabs/img_1187.jpg
  artifactKey: Guid(f3218e364bb2a286f8c3b25deca2444a) Importer(815301076,1909f56bfc062723c751e8b465ee728b)
Start importing Assets/Prefabs/img_1187.jpg using Guid(f3218e364bb2a286f8c3b25deca2444a) Importer(815301076,1909f56bfc062723c751e8b465ee728b)  -> (artifact id: '4aa4d0af0a042687c0e2f9d61dc30343') in 0.004038 seconds
  Import took 0.007480 seconds .

========================================================================
Received Import Request.
  Time since last request: 0.000242 seconds.
  path: Assets/Tree_Textures/normal_specular.png
  artifactKey: Guid(238cc52a24bb96e5d9544652228df820) Importer(815301076,1909f56bfc062723c751e8b465ee728b)
Start importing Assets/Tree_Textures/normal_specular.png using Guid(238cc52a24bb96e5d9544652228df820) Importer(815301076,1909f56bfc062723c751e8b465ee728b)  -> (artifact id: '3b41b20f8155349df2dee5851a461ac2') in 0.004490 seconds
  Import took 0.008356 seconds .

========================================================================
Received Import Request.
  Time since last request: 0.000246 seconds.
  path: Assets/Tree_Textures/shadow.png
  artifactKey: Guid(91d96d64a2d867554b66d32599aef0e2) Importer(815301076,1909f56bfc062723c751e8b465ee728b)
Start importing Assets/Tree_Textures/shadow.png using Guid(91d96d64a2d867554b66d32599aef0e2) Importer(815301076,1909f56bfc062723c751e8b465ee728b)  -> (artifact id: '0f9fad8cc9b39f59fc248cfac82a8e25') in 0.003765 seconds
  Import took 0.007541 seconds .

========================================================================
Received Import Request.
  Time since last request: 0.000231 seconds.
  path: Assets/Tree_Textures/translucency_gloss.png
  artifactKey: Guid(41483ccdb7d5d3d3ea098848409f285d) Importer(815301076,1909f56bfc062723c751e8b465ee728b)
Start importing Assets/Tree_Textures/translucency_gloss.png using Guid(41483ccdb7d5d3d3ea098848409f285d) Importer(815301076,1909f56bfc062723c751e8b465ee728b)  -> (artifact id: 'a72eb2eda4c5e00b2398e4a3214008eb') in 0.005897 seconds
  Import took 0.009187 seconds .

========================================================================
Received Import Request.
  Time since last request: 0.000255 seconds.
  path: Assets/Prefabs/04multia.jpg
  artifactKey: Guid(93c2e298637073609af78d096404edbc) Importer(815301076,1909f56bfc062723c751e8b465ee728b)
Start importing Assets/Prefabs/04multia.jpg using Guid(93c2e298637073609af78d096404edbc) Importer(815301076,1909f56bfc062723c751e8b465ee728b)  -> (artifact id: '272d453ff6905177765a5237d7c8f52e') in 0.005658 seconds
  Import took 0.009088 seconds .

========================================================================
Received Import Request.
  Time since last request: 135.223567 seconds.
  path: Assets/Resources/ROSConnectionPrefab.prefab
  artifactKey: Guid(1efb6f25f044b20009b456e5c4bc80b2) Importer(815301076,1909f56bfc062723c751e8b465ee728b)
Start importing Assets/Resources/ROSConnectionPrefab.prefab using Guid(1efb6f25f044b20009b456e5c4bc80b2) Importer(815301076,1909f56bfc062723c751e8b465ee728b)  -> (artifact id: 'f2c10e66a8be49b45f473577affb4693') in 0.014103 seconds
  Import took 0.018995 seconds .

========================================================================
Received Import Request.
  Time since last request: 0.935763 seconds.
  path: Assets/Prefabs/Acrylic.mat
  artifactKey: Guid(9ee50c452235985c58efb2c6f2389232) Importer(815301076,1909f56bfc062723c751e8b465ee728b)
Start importing Assets/Prefabs/Acrylic.mat using Guid(9ee50c452235985c58efb2c6f2389232) Importer(815301076,1909f56bfc062723c751e8b465ee728b)  -> (artifact id: 'c697615546ef6aa9fdc99dbc59a20362') in 0.067453 seconds
  Import took 0.071798 seconds .

========================================================================
Received Import Request.
  Time since last request: 0.000369 seconds.
  path: Assets/Prefabs/Jiangshi.mat
  artifactKey: Guid(7ccd7645ba9c6029ba7a39bcfb69d371) Importer(815301076,1909f56bfc062723c751e8b465ee728b)
Start importing Assets/Prefabs/Jiangshi.mat using Guid(7ccd7645ba9c6029ba7a39bcfb69d371) Importer(815301076,1909f56bfc062723c751e8b465ee728b)  -> (artifact id: 'e3038af805a8d4dd003d592b6674b0bd') in 0.008366 seconds
  Import took 0.011320 seconds .

========================================================================
Received Import Request.
  Time since last request: 0.000283 seconds.
  path: Assets/Prefabs/gazebo.fbx
  artifactKey: Guid(10d58701a9f416e18a4395e27d4a8e43) Importer(815301076,1909f56bfc062723c751e8b465ee728b)
Start importing Assets/Prefabs/gazebo.fbx using Guid(10d58701a9f416e18a4395e27d4a8e43) Importer(815301076,1909f56bfc062723c751e8b465ee728b)  -> (artifact id: '1cb6feada123f620a12dbdd5ea313250') in 0.377024 seconds
  Import took 0.380830 seconds .

========================================================================
Received Import Request.
  Time since last request: 0.000214 seconds.
  path: Assets/Prefabs/Bouée2019.fbx
  artifactKey: Guid(eea91bb4dc6a8036586f63fbf33f63e6) Importer(815301076,1909f56bfc062723c751e8b465ee728b)
Start importing Assets/Prefabs/Bouée2019.fbx using Guid(eea91bb4dc6a8036586f63fbf33f63e6) Importer(815301076,1909f56bfc062723c751e8b465ee728b)  -> (artifact id: '6f66910cb15d9c68fa161c4f526bed43') in 0.096358 seconds
  Import took 0.099655 seconds .

========================================================================
Received Import Request.
  Time since last request: 0.000171 seconds.
  path: Assets/Prefabs/Vatelas.mat
  artifactKey: Guid(fa7e0a70a2cc6f01ca7b7edff7f44d28) Importer(815301076,1909f56bfc062723c751e8b465ee728b)
Start importing Assets/Prefabs/Vatelas.mat using Guid(fa7e0a70a2cc6f01ca7b7edff7f44d28) Importer(815301076,1909f56bfc062723c751e8b465ee728b)  -> (artifact id: '5f852b9118884601926c364bf5dc2b1c') in 0.007984 seconds
  Import took 0.011224 seconds .

========================================================================
Received Import Request.
  Time since last request: 0.000213 seconds.
  path: Assets/Prefabs/Vatelas.prefab
  artifactKey: Guid(ae96eef92ff8d5bbc8354346c1f8c85c) Importer(815301076,1909f56bfc062723c751e8b465ee728b)
Start importing Assets/Prefabs/Vatelas.prefab using Guid(ae96eef92ff8d5bbc8354346c1f8c85c) Importer(815301076,1909f56bfc062723c751e8b465ee728b)  -> (artifact id: '14bf17d6064b4eba63dd73dcf567d0c4') in 0.012116 seconds
  Import took 0.015551 seconds .

========================================================================
Received Import Request.
  Time since last request: 0.000225 seconds.
  path: Assets/Prefabs/Transdec.fbx
  artifactKey: Guid(6303cebb19071dcb88400839ae42980a) Importer(815301076,1909f56bfc062723c751e8b465ee728b)
Start importing Assets/Prefabs/Transdec.fbx using Guid(6303cebb19071dcb88400839ae42980a) Importer(815301076,1909f56bfc062723c751e8b465ee728b)  -> (artifact id: '0d406f125ee4ba9573221172706e805a') in 0.025331 seconds
  Import took 0.029130 seconds .

========================================================================
Received Import Request.
  Time since last request: 0.000197 seconds.
  path: Assets/Prefabs/gate.fbx
  artifactKey: Guid(a28ffbbc2b6d024ebbb5794a0e199ed3) Importer(815301076,1909f56bfc062723c751e8b465ee728b)
Start importing Assets/Prefabs/gate.fbx using Guid(a28ffbbc2b6d024ebbb5794a0e199ed3) Importer(815301076,1909f56bfc062723c751e8b465ee728b)  -> (artifact id: 'fe75383491cd8ffa42006e1fcb7c4b3a') in 0.082274 seconds
  Import took 0.086454 seconds .

========================================================================
Received Import Request.
  Time since last request: 0.000242 seconds.
  path: Assets/Prefabs/Path.fbx
  artifactKey: Guid(166feb27d5557b04c9de2d295ce6a6fe) Importer(815301076,1909f56bfc062723c751e8b465ee728b)
Start importing Assets/Prefabs/Path.fbx using Guid(166feb27d5557b04c9de2d295ce6a6fe) Importer(815301076,1909f56bfc062723c751e8b465ee728b)  -> (artifact id: 'fcebb14b1796efb63b69165206f663e1') in 0.102910 seconds
  Import took 0.107044 seconds .

========================================================================
Received Import Request.
  Time since last request: 0.000219 seconds.
  path: Assets/Prefabs/Boue_prisme_2019.fbx
  artifactKey: Guid(53fe604030de7e40d8f7a8dc8e51eaf1) Importer(815301076,1909f56bfc062723c751e8b465ee728b)
Start importing Assets/Prefabs/Boue_prisme_2019.fbx using Guid(53fe604030de7e40d8f7a8dc8e51eaf1) Importer(815301076,1909f56bfc062723c751e8b465ee728b)  -> (artifact id: 'abcd6f8dcdd52f58bd62a36851764058') in 0.061325 seconds
  Import took 0.064848 seconds .

========================================================================
Received Import Request.
  Time since last request: 0.000209 seconds.
  path: Assets/Prefabs/Aswang.prefab
  artifactKey: Guid(a064aa09f0351d01493e3094fed0fea6) Importer(815301076,1909f56bfc062723c751e8b465ee728b)
Start importing Assets/Prefabs/Aswang.prefab using Guid(a064aa09f0351d01493e3094fed0fea6) Importer(815301076,1909f56bfc062723c751e8b465ee728b)  -> (artifact id: 'a466bab19701db156dcc07c23b4e1dce') in 0.010422 seconds
  Import took 0.018410 seconds .

========================================================================
Received Import Request.
  Time since last request: 0.000259 seconds.
  path: Assets/Prefabs/Draugr.mat
  artifactKey: Guid(7117e7b375ac798ee81644c8f00f1aa7) Importer(815301076,1909f56bfc062723c751e8b465ee728b)
Start importing Assets/Prefabs/Draugr.mat using Guid(7117e7b375ac798ee81644c8f00f1aa7) Importer(815301076,1909f56bfc062723c751e8b465ee728b)  -> (artifact id: '95d7a0b8691e643bcdb5181fa3a046ca') in 0.006982 seconds
  Import took 0.010485 seconds .

========================================================================
Received Import Request.
  Time since last request: 0.000204 seconds.
  path: Assets/Prefabs/Aswang.mat
  artifactKey: Guid(695f42501728cd93fa48c89b388ef172) Importer(815301076,1909f56bfc062723c751e8b465ee728b)
Start importing Assets/Prefabs/Aswang.mat using Guid(695f42501728cd93fa48c89b388ef172) Importer(815301076,1909f56bfc062723c751e8b465ee728b)  -> (artifact id: 'fee1b38a3e057f4a2628abfe18148670') in 0.008400 seconds
  Import took 0.011870 seconds .

========================================================================
Received Import Request.
  Time since last request: 0.000281 seconds.
  path: Assets/Prefabs/Octogone.fbx
  artifactKey: Guid(2e018986d17fd3796931928ec165554a) Importer(815301076,1909f56bfc062723c751e8b465ee728b)
Start importing Assets/Prefabs/Octogone.fbx using Guid(2e018986d17fd3796931928ec165554a) Importer(815301076,1909f56bfc062723c751e8b465ee728b)  -> (artifact id: 'dd19dbe79c13c710a99d966646db9f72') in 0.085052 seconds
  Import took 0.088664 seconds .

========================================================================
Received Import Request.
  Time since last request: 0.000206 seconds.
  path: Assets/Prefabs/AUV8.fbx
  artifactKey: Guid(58c8dea1af551a914846d54180c72f02) Importer(815301076,1909f56bfc062723c751e8b465ee728b)
Start importing Assets/Prefabs/AUV8.fbx using Guid(58c8dea1af551a914846d54180c72f02) Importer(815301076,1909f56bfc062723c751e8b465ee728b)  -> (artifact id: 'a0b3fd4f92dda2fd134a6a764ff487ac') in 1.734396 seconds
  Import took 1.745254 seconds .

========================================================================
Received Import Request.
  Time since last request: 0.000397 seconds.
  path: Assets/Prefabs/Draugr.prefab
  artifactKey: Guid(20231c6fd0bfc125a9aad088bbfe884c) Importer(815301076,1909f56bfc062723c751e8b465ee728b)
Start importing Assets/Prefabs/Draugr.prefab using Guid(20231c6fd0bfc125a9aad088bbfe884c) Importer(815301076,1909f56bfc062723c751e8b465ee728b)  -> (artifact id: 'bbb98c61fa483c754e74b000118c46de') in 0.012570 seconds
  Import took 0.016325 seconds .

========================================================================
Received Import Request.
  Time since last request: 0.000227 seconds.
  path: Assets/Prefabs/Gravel.mat
  artifactKey: Guid(b6a959451a44b75b6b6710a665fa1444) Importer(815301076,1909f56bfc062723c751e8b465ee728b)
Start importing Assets/Prefabs/Gravel.mat using Guid(b6a959451a44b75b6b6710a665fa1444) Importer(815301076,1909f56bfc062723c751e8b465ee728b)  -> (artifact id: 'a04074e232e3fb5a7888a4ff70d4d6aa') in 0.007096 seconds
  Import took 0.010821 seconds .

========================================================================
Received Import Request.
  Time since last request: 0.000204 seconds.
  path: Assets/Prefabs/Transdec.prefab
  artifactKey: Guid(629a956e3755b8e538f34a206c81dfca) Importer(815301076,1909f56bfc062723c751e8b465ee728b)
Start importing Assets/Prefabs/Transdec.prefab using Guid(629a956e3755b8e538f34a206c81dfca) Importer(815301076,1909f56bfc062723c751e8b465ee728b)  -> (artifact id: '8d4d99814e6944da22ef27b8a3b79293') in 0.007673 seconds
  Import took 0.011340 seconds .

========================================================================
Received Import Request.
  Time since last request: 0.000211 seconds.
  path: Assets/Prefabs/Jiangshi.prefab
  artifactKey: Guid(61bac221ea2f27e61a2d9e81ec3e1814) Importer(815301076,1909f56bfc062723c751e8b465ee728b)
Start importing Assets/Prefabs/Jiangshi.prefab using Guid(61bac221ea2f27e61a2d9e81ec3e1814) Importer(815301076,1909f56bfc062723c751e8b465ee728b)  -> (artifact id: 'c7153801a8e9ac3cccb503c109580bbe') in 0.008986 seconds
  Import took 0.012715 seconds .

========================================================================
Received Import Request.
  Time since last request: 0.000240 seconds.
  path: Assets/Prefabs/Fond_transdec.mat
  artifactKey: Guid(767e5ad3e786070fabf5ef058fd0d6c8) Importer(815301076,1909f56bfc062723c751e8b465ee728b)
Start importing Assets/Prefabs/Fond_transdec.mat using Guid(767e5ad3e786070fabf5ef058fd0d6c8) Importer(815301076,1909f56bfc062723c751e8b465ee728b)  -> (artifact id: '3a79f793713a348e8fbbc89e4612b981') in 0.012680 seconds
  Import took 0.016201 seconds .

========================================================================
Received Import Request.
  Time since last request: 0.000171 seconds.
  path: Assets/Prefabs/AUV8.prefab
  artifactKey: Guid(da698cf3c9a6ac4d29c50776f2070225) Importer(815301076,1909f56bfc062723c751e8b465ee728b)
Start importing Assets/Prefabs/AUV8.prefab using Guid(da698cf3c9a6ac4d29c50776f2070225) Importer(815301076,1909f56bfc062723c751e8b465ee728b)  -> (artifact id: '650ac56d34f3714a234063e87f689fbe') in 0.115732 seconds
  Import took 0.126773 seconds .

========================================================================
Received Import Request.
  Time since last request: 0.005026 seconds.
  path: Assets/Prefabs/AUV8.prefab
  artifactKey: Guid(da698cf3c9a6ac4d29c50776f2070225) Importer(815301076,1909f56bfc062723c751e8b465ee728b)
Start importing Assets/Prefabs/AUV8.prefab using Guid(da698cf3c9a6ac4d29c50776f2070225) Importer(815301076,1909f56bfc062723c751e8b465ee728b)  -> (artifact id: '650ac56d34f3714a234063e87f689fbe') in 0.115597 seconds
  Import took 0.126904 seconds .

========================================================================
Received Import Request.
  Time since last request: 191.756469 seconds.
  path: Assets/msgbrowser_settings.asset
  artifactKey: Guid(4b6bf8cd91ac1933cb9dc7fb3364c486) Importer(815301076,1909f56bfc062723c751e8b465ee728b)
Start importing Assets/msgbrowser_settings.asset using Guid(4b6bf8cd91ac1933cb9dc7fb3364c486) Importer(815301076,1909f56bfc062723c751e8b465ee728b)  -> (artifact id: '32383e3ec4951dd3f2b73ed50e03c064') in 0.001469 seconds
  Import took 0.005147 seconds .

========================================================================
Received Import Request.
  Time since last request: 0.000212 seconds.
  path: Assets/Tree.prefab
  artifactKey: Guid(41d897336364d42ba939c919662b6c3e) Importer(815301076,1909f56bfc062723c751e8b465ee728b)
Start importing Assets/Tree.prefab using Guid(41d897336364d42ba939c919662b6c3e) Importer(815301076,1909f56bfc062723c751e8b465ee728b)  -> (artifact id: '608acb8e71dc503588e15e77a978dedf') in 0.033419 seconds
  Import took 0.037219 seconds .

========================================================================
Received Prepare
Registering precompiled user dll's ...
Registered in 0.001020 seconds.
Begin MonoManager ReloadAssembly
Native extension for LinuxStandalone target not found
Native extension for WebGL target not found
Refreshing native plugins compatible for Editor in 0.43 ms, found 0 plugins.
Preloading 0 native plugins for Editor in 0.00 ms.
Invoked RoslynAnalysisRunner static constructor.
RoslynAnalysisRunner will not be running.
RoslynAnalysisRunner has terminated.
Mono: successfully reloaded assembly
- Completed reload, in  0.960 seconds
Platform modules already initialized, skipping
Refreshing native plugins compatible for Editor in 0.35 ms, found 0 plugins.
Preloading 0 native plugins for Editor in 0.00 ms.
Unloading 2025 Unused Serialized files (Serialized files now loaded: 0)
System memory in use before: 94.8 MB.
System memory in use after: 94.9 MB.

Unloading 6 unused Assets to reduce memory usage. Loaded Objects now: 2548.
Total: 3.145191 ms (FindLiveObjects: 0.270379 ms CreateObjectMapping: 0.108459 ms MarkObjects: 2.719589 ms  DeleteObjects: 0.044629 ms)

========================================================================
Received Import Request.
  Time since last request: 957.733617 seconds.
  path: Assets/Tree_Textures
  artifactKey: Guid(0174dda6e8e92c8289302df8e2ce298a) Importer(815301076,1909f56bfc062723c751e8b465ee728b)
Start importing Assets/Tree_Textures using Guid(0174dda6e8e92c8289302df8e2ce298a) Importer(815301076,1909f56bfc062723c751e8b465ee728b)  -> (artifact id: '7bd78fb81d0cfddb41999c13d41a69d8') in 0.003661 seconds
  Import took 0.007390 seconds .

========================================================================
Received Import Request.
  Time since last request: 20.205923 seconds.
  path: Assets/Prefabs
  artifactKey: Guid(dbe41b75a3a9074bfa3fc93a9f62ab2b) Importer(815301076,1909f56bfc062723c751e8b465ee728b)
Start importing Assets/Prefabs using Guid(dbe41b75a3a9074bfa3fc93a9f62ab2b) Importer(815301076,1909f56bfc062723c751e8b465ee728b)  -> (artifact id: 'be1651f66de318d31f2897ad44a1f3be') in 0.000689 seconds
  Import took 0.004385 seconds .

========================================================================
Received Import Request.
  Time since last request: 25.411861 seconds.
  path: Assets/Auv_package/Materials
  artifactKey: Guid(61617ce0d6dfe327fae44533efc4ae0a) Importer(815301076,1909f56bfc062723c751e8b465ee728b)
Start importing Assets/Auv_package/Materials using Guid(61617ce0d6dfe327fae44533efc4ae0a) Importer(815301076,1909f56bfc062723c751e8b465ee728b)  -> (artifact id: '52428a0492888e51e5e4418af288c45d') in 0.001185 seconds
  Import took 0.004975 seconds .

========================================================================
Received Prepare
Registering precompiled user dll's ...
Registered in 0.001150 seconds.
Begin MonoManager ReloadAssembly
Native extension for LinuxStandalone target not found
Native extension for WebGL target not found
Refreshing native plugins compatible for Editor in 0.36 ms, found 0 plugins.
Preloading 0 native plugins for Editor in 0.00 ms.
Invoked RoslynAnalysisRunner static constructor.
RoslynAnalysisRunner will not be running.
RoslynAnalysisRunner has terminated.
Mono: successfully reloaded assembly
- Completed reload, in  0.857 seconds
Platform modules already initialized, skipping
Refreshing native plugins compatible for Editor in 0.36 ms, found 0 plugins.
Preloading 0 native plugins for Editor in 0.00 ms.
Unloading 2025 Unused Serialized files (Serialized files now loaded: 0)
System memory in use before: 94.9 MB.
System memory in use after: 95.0 MB.

Unloading 5 unused Assets to reduce memory usage. Loaded Objects now: 2550.
Total: 3.063961 ms (FindLiveObjects: 0.265693 ms CreateObjectMapping: 0.093473 ms MarkObjects: 2.671708 ms  DeleteObjects: 0.031698 ms)

========================================================================
Received Import Request.
  Time since last request: 241.147637 seconds.
  path: Assets/Materials/Aswang.mat
  artifactKey: Guid(695f42501728cd93fa48c89b388ef172) Importer(815301076,1909f56bfc062723c751e8b465ee728b)
Start importing Assets/Materials/Aswang.mat using Guid(695f42501728cd93fa48c89b388ef172) Importer(815301076,1909f56bfc062723c751e8b465ee728b)  -> (artifact id: 'a2c9b6a7cd9d932ae6444420836ffd58') in 0.107614 seconds
  Import took 0.111108 seconds .

========================================================================
Received Import Request.
  Time since last request: 0.000312 seconds.
  path: Assets/Materials/Jiangshi.mat
  artifactKey: Guid(7ccd7645ba9c6029ba7a39bcfb69d371) Importer(815301076,1909f56bfc062723c751e8b465ee728b)
Start importing Assets/Materials/Jiangshi.mat using Guid(7ccd7645ba9c6029ba7a39bcfb69d371) Importer(815301076,1909f56bfc062723c751e8b465ee728b)  -> (artifact id: '11d99601c5a1e3399e39cd9bb887724d') in 0.007245 seconds
  Import took 0.010172 seconds .

========================================================================
Received Import Request.
  Time since last request: 0.000193 seconds.
  path: Assets/Materials/Vatelas.mat
  artifactKey: Guid(fa7e0a70a2cc6f01ca7b7edff7f44d28) Importer(815301076,1909f56bfc062723c751e8b465ee728b)
Start importing Assets/Materials/Vatelas.mat using Guid(fa7e0a70a2cc6f01ca7b7edff7f44d28) Importer(815301076,1909f56bfc062723c751e8b465ee728b)  -> (artifact id: 'ee54614070f3aa329c29c9dd955b6f8b') in 0.007022 seconds
  Import took 0.010596 seconds .

========================================================================
Received Import Request.
  Time since last request: 0.000196 seconds.
  path: Assets/Materials/moisisure.mat
  artifactKey: Guid(9dbc0cebd665a352c8d65f3c3a41b57e) Importer(815301076,1909f56bfc062723c751e8b465ee728b)
Start importing Assets/Materials/moisisure.mat using Guid(9dbc0cebd665a352c8d65f3c3a41b57e) Importer(815301076,1909f56bfc062723c751e8b465ee728b)  -> (artifact id: '3a0102fe1d6e082eef0a925e7a06df75') in 0.010732 seconds
  Import took 0.014414 seconds .

========================================================================
Received Import Request.
  Time since last request: 0.000224 seconds.
  path: Assets/Materials/Draugr.mat
  artifactKey: Guid(7117e7b375ac798ee81644c8f00f1aa7) Importer(815301076,1909f56bfc062723c751e8b465ee728b)
Start importing Assets/Materials/Draugr.mat using Guid(7117e7b375ac798ee81644c8f00f1aa7) Importer(815301076,1909f56bfc062723c751e8b465ee728b)  -> (artifact id: '9b86c30903ad5fc63ae8609cabe844ad') in 0.007983 seconds
  Import took 0.011528 seconds .

